<?xml version="1.0" encoding="UTF-8"?>
<!-- Generated by org.testng.reporters.JUnitXMLReporter -->
<testsuite hostname="vinni-PC" ignored="0" name="Default test" tests="5" failures="0" timestamp="21 Feb 2019 18:11:04 GMT" time="0.097" errors="0">
  <testcase name="manufactures" time="0.007" classname="org.sspart.mySeleniumClass.Manufactures"/>
  <testcase name="manufactures" time="0.002" classname="org.sspart.mySeleniumClass.Manufactures"/>
  <testcase name="manufactures" time="0.003" classname="org.sspart.mySeleniumClass.Manufactures"/>
  <testcase name="manufactures" time="0.003" classname="org.sspart.mySeleniumClass.Manufactures"/>
  <testcase name="manufactures" time="0.005" classname="org.sspart.mySeleniumClass.Manufactures"/>
</testsuite> <!-- Default test -->
