<?xml version="1.0" encoding="UTF-8"?>
<testng-results skipped="0" failed="0" ignored="0" total="2" passed="2">
  <reporter-output>
  </reporter-output>
  <suite name="Default suite" duration-ms="33345" started-at="2019-02-19T18:45:27Z" finished-at="2019-02-19T18:46:00Z">
    <groups>
    </groups>
    <test name="Default test" duration-ms="33345" started-at="2019-02-19T18:45:27Z" finished-at="2019-02-19T18:46:00Z">
      <class name="org.sspart.mySeleniumClass.FirstTestngClass">
        <test-method status="PASS" signature="beforetest()[pri:0, instance:org.sspart.mySeleniumClass.FirstTestngClass@653222]" name="beforetest" is-config="true" duration-ms="25459" started-at="2019-02-19T18:45:27Z" finished-at="2019-02-19T18:45:52Z">
          <reporter-output>
          </reporter-output>
        </test-method> <!-- beforetest -->
        <test-method status="PASS" signature="testCase001()[pri:0, instance:org.sspart.mySeleniumClass.FirstTestngClass@653222]" name="testCase001" duration-ms="3554" started-at="2019-02-19T18:45:52Z" finished-at="2019-02-19T18:45:56Z">
          <reporter-output>
          </reporter-output>
        </test-method> <!-- testCase001 -->
        <test-method status="PASS" signature="testCase002()[pri:0, instance:org.sspart.mySeleniumClass.FirstTestngClass@653222]" name="testCase002" duration-ms="3284" started-at="2019-02-19T18:45:56Z" finished-at="2019-02-19T18:45:59Z">
          <reporter-output>
          </reporter-output>
        </test-method> <!-- testCase002 -->
        <test-method status="PASS" signature="aftertest()[pri:0, instance:org.sspart.mySeleniumClass.FirstTestngClass@653222]" name="aftertest" is-config="true" duration-ms="895" started-at="2019-02-19T18:45:59Z" finished-at="2019-02-19T18:46:00Z">
          <reporter-output>
          </reporter-output>
        </test-method> <!-- aftertest -->
      </class> <!-- org.sspart.mySeleniumClass.FirstTestngClass -->
    </test> <!-- Default test -->
  </suite> <!-- Default suite -->
</testng-results>
